
[16/1/2026, 9:07:09 am]
Platform: win32
CPU Cores: 12
Total Memory: 15693.67 MB
Free Memory: 6129.82 MB
---------------------------------------

[16/1/2026, 9:07:14 am]
Platform: win32
CPU Cores: 12
Total Memory: 15693.67 MB
Free Memory: 6094.93 MB
---------------------------------------

[16/1/2026, 9:07:19 am]
Platform: win32
CPU Cores: 12
Total Memory: 15693.67 MB
Free Memory: 6079.93 MB
---------------------------------------

[16/1/2026, 9:07:24 am]
Platform: win32
CPU Cores: 12
Total Memory: 15693.67 MB
Free Memory: 6067.88 MB
---------------------------------------

[16/1/2026, 9:07:29 am]
Platform: win32
CPU Cores: 12
Total Memory: 15693.67 MB
Free Memory: 6051.15 MB
---------------------------------------

[16/1/2026, 9:07:34 am]
Platform: win32
CPU Cores: 12
Total Memory: 15693.67 MB
Free Memory: 6084.79 MB
---------------------------------------

[16/1/2026, 9:07:39 am]
Platform: win32
CPU Cores: 12
Total Memory: 15693.67 MB
Free Memory: 6102.43 MB
---------------------------------------
